2022-06-02 17:56:00,018[INFO/MainProcess]crawler_base.py(183): Start crawling paypay. URLs:
https://paypayfleamarket.yahoo.co.jp/search/PS5?sort=openTime&order=desc&categoryIds=2511%2C2161%2C50796%2C50797
https://paypayfleamarket.yahoo.co.jp/search/Switch?sort=openTime&order=desc&categoryIds=2511%2C2161%2C48838%2C48840
2022-06-02 17:56:03,254[INFO/MainProcess]crawler_pay.py(44): Start crawling: https://paypayfleamarket.yahoo.co.jp/search/PS5?sort=openTime&order=desc&categoryIds=2511%2C2161%2C50796%2C50797
2022-06-02 17:56:06,422[ERROR/MainProcess]crawler_pay.py(102): An error occurred while parsing items.
2022-06-02 17:56:06,422[ERROR/MainProcess]crawler_pay.py(103): Traceback (most recent call last):
  File "crawler_pay.py", line 99, in parse_items
    items.append(self.parse_item_info(element))
  File "crawler_pay.py", line 113, in parse_item_info
    tmb_elems= driver.find_element(By.CSS_SELECTOR, '#itm')
NameError: name 'driver' is not defined

2022-06-02 17:56:06,423[WARNING/MainProcess]crawler_pay.py(70): No items found: https://paypayfleamarket.yahoo.co.jp/search/PS5?sort=openTime&order=desc&categoryIds=2511%2C2161%2C50796%2C50797
2022-06-02 17:56:06,423[INFO/MainProcess]crawler_pay.py(84): Finish crawling: https://paypayfleamarket.yahoo.co.jp/search/PS5?sort=openTime&order=desc&categoryIds=2511%2C2161%2C50796%2C50797
2022-06-02 17:56:06,424[INFO/MainProcess]crawler_pay.py(44): Start crawling: https://paypayfleamarket.yahoo.co.jp/search/Switch?sort=openTime&order=desc&categoryIds=2511%2C2161%2C48838%2C48840
2022-06-02 17:56:08,671[ERROR/MainProcess]crawler_pay.py(102): An error occurred while parsing items.
2022-06-02 17:56:08,672[ERROR/MainProcess]crawler_pay.py(103): Traceback (most recent call last):
  File "crawler_pay.py", line 99, in parse_items
    items.append(self.parse_item_info(element))
  File "crawler_pay.py", line 113, in parse_item_info
    tmb_elems= driver.find_element(By.CSS_SELECTOR, '#itm')
NameError: name 'driver' is not defined

2022-06-02 17:56:08,672[WARNING/MainProcess]crawler_pay.py(70): No items found: https://paypayfleamarket.yahoo.co.jp/search/Switch?sort=openTime&order=desc&categoryIds=2511%2C2161%2C48838%2C48840
2022-06-02 17:56:08,673[INFO/MainProcess]crawler_pay.py(84): Finish crawling: https://paypayfleamarket.yahoo.co.jp/search/Switch?sort=openTime&order=desc&categoryIds=2511%2C2161%2C48838%2C48840
2022-06-02 17:56:09,618[INFO/MainProcess]crawler_base.py(188): Finish crawling paypay.
